<?xml version="1.0" encoding="UTF-8"?>
<!-- Generated by org.testng.reporters.JUnitReportReporter -->
<testsuite hostname="DESKTOP-SUKTOAE" failures="0" tests="4" name="api.tests.UserTests" time="6.790" errors="0" timestamp="2023-11-28T15:20:53 GMT" skipped="0">
  <testcase classname="api.tests.UserTests" name="testPostUser" time="4.516"/>
  <system-out/>
  <testcase classname="api.tests.UserTests" name="testGetUserByName" time="0.614"/>
  <system-out/>
  <testcase classname="api.tests.UserTests" name="testUpdateUserByName" time="1.112"/>
  <system-out/>
  <testcase classname="api.tests.UserTests" name="testDeleteUserByName" time="0.548"/>
  <system-out/>
</testsuite> <!-- api.tests.UserTests -->
