<?xml version="1.0" encoding="UTF-8"?>
<!-- Generated by org.testng.reporters.JUnitReportReporter -->
<testsuite hostname="DESKTOP-SUKTOAE" failures="0" tests="4" name="api.tests.UserTests2" time="7.440" errors="0" timestamp="2023-11-28T15:47:57 GMT" skipped="0">
  <testcase classname="api.tests.UserTests2" name="testPostUser" time="5.166"/>
  <system-out/>
  <testcase classname="api.tests.UserTests2" name="testGetUserByName" time="0.600"/>
  <system-out/>
  <testcase classname="api.tests.UserTests2" name="testUpdateUserByName" time="1.102"/>
  <system-out/>
  <testcase classname="api.tests.UserTests2" name="testDeleteUserByName" time="0.572"/>
  <system-out/>
</testsuite> <!-- api.tests.UserTests2 -->
