<?xml version="1.0" encoding="UTF-8"?>
<!-- Generated by org.testng.reporters.JUnitReportReporter -->
<testsuite hostname="DESKTOP-SUKTOAE" failures="0" tests="4" name="api.tests.UserTests" time="3.345" errors="0" timestamp="2023-11-28T13:18:21 GMT" skipped="0">
  <testcase classname="api.tests.UserTests" name="testPostUser" time="1.220"/>
  <system-out/>
  <testcase classname="api.tests.UserTests" name="testGetUserByName" time="0.565"/>
  <system-out/>
  <testcase classname="api.tests.UserTests" name="testUpdateUserByName" time="1.048"/>
  <system-out/>
  <testcase classname="api.tests.UserTests" name="testDeleteUserByName" time="0.512"/>
  <system-out/>
</testsuite> <!-- api.tests.UserTests -->
