<?xml version="1.0" encoding="UTF-8"?>
<!-- Generated by org.testng.reporters.JUnitReportReporter -->
<testsuite hostname="DESKTOP-SUKTOAE" failures="0" tests="4" name="api.tests.UserTests2" time="6.332" errors="0" timestamp="2023-11-28T19:23:39 GMT" skipped="0">
  <testcase classname="api.tests.UserTests2" name="testPostUser" time="4.138"/>
  <system-out/>
  <testcase classname="api.tests.UserTests2" name="testGetUserByName" time="0.586"/>
  <system-out/>
  <testcase classname="api.tests.UserTests2" name="testUpdateUserByName" time="1.076"/>
  <system-out/>
  <testcase classname="api.tests.UserTests2" name="testDeleteUserByName" time="0.532"/>
  <system-out/>
</testsuite> <!-- api.tests.UserTests2 -->
