<?xml version="1.0" encoding="UTF-8"?>
<!-- Generated by org.testng.reporters.JUnitReportReporter -->
<testsuite hostname="DESKTOP-SUKTOAE" failures="0" tests="4" name="api.tests.UserTests2" time="6.988" errors="0" timestamp="2023-11-28T16:49:15 GMT" skipped="0">
  <testcase classname="api.tests.UserTests2" name="testPostUser" time="4.726"/>
  <system-out/>
  <testcase classname="api.tests.UserTests2" name="testGetUserByName" time="0.617"/>
  <system-out/>
  <testcase classname="api.tests.UserTests2" name="testUpdateUserByName" time="1.111"/>
  <system-out/>
  <testcase classname="api.tests.UserTests2" name="testDeleteUserByName" time="0.534"/>
  <system-out/>
</testsuite> <!-- api.tests.UserTests2 -->
